============================= test session starts ==============================
platform linux -- Python 3.14.5, pytest-9.1.1, pluggy-1.6.0 -- /home/xil/dev/necromancer/projects/doppelganger/.venv/bin/python
cachedir: .pytest_cache
rootdir: /home/xil/dev/necromancer/worktrees/doppelganger-lap-20260715T120000Z
configfile: pyproject.toml
testpaths: tests
plugins: anyio-4.14.1, socket-0.8.0
collecting ... collected 209 items / 8 deselected / 201 selected

tests/test_chunk_techniques.py::test_te_obfuscations_includes_v04_entries PASSED [  0%]
tests/test_chunk_techniques.py::test_te_obfuscations_count PASSED        [  0%]
tests/test_chunk_techniques.py::test_new_te_obfuscation_probe_shape[ows-trailer] PASSED [  1%]
tests/test_chunk_techniques.py::test_new_te_obfuscation_probe_shape[null-byte] PASSED [  1%]
tests/test_chunk_techniques.py::test_new_te_obfuscation_probe_shape[comma-chunk] PASSED [  2%]
tests/test_chunk_techniques.py::test_new_te_obfuscation_probe_shape[bare-cr-end] PASSED [  2%]
tests/test_chunk_techniques.py::test_new_te_obfuscation_probe_shape[mixed-case] PASSED [  3%]
tests/test_chunk_techniques.py::test_new_te_obfuscation_confirms_on_clte_pair[ows-trailer] PASSED [  3%]
tests/test_chunk_techniques.py::test_new_te_obfuscation_confirms_on_clte_pair[null-byte] PASSED [  4%]
tests/test_chunk_techniques.py::test_new_te_obfuscation_confirms_on_clte_pair[comma-chunk] PASSED [  4%]
tests/test_chunk_techniques.py::test_new_te_obfuscation_confirms_on_clte_pair[bare-cr-end] PASSED [  5%]
tests/test_chunk_techniques.py::test_new_te_obfuscation_confirms_on_clte_pair[mixed-case] PASSED [  5%]
tests/test_chunk_techniques.py::test_chunk_body_variants_defined PASSED  [  6%]
tests/test_chunk_techniques.py::test_chunk_body_techniques_returns_correct_count PASSED [  6%]
tests/test_chunk_techniques.py::test_all_techniques_includes_te_chunk PASSED [  7%]
tests/test_chunk_techniques.py::test_technique_by_name_te_chunk PASSED   [  7%]
tests/test_chunk_techniques.py::test_chunk_ext_timing_probe_shape PASSED [  8%]
tests/test_chunk_techniques.py::test_chunk_ext_differential_attack_shape PASSED [  8%]
tests/test_chunk_techniques.py::test_chunk_ext_confirms_on_clte_pair PASSED [  9%]
tests/test_chunk_techniques.py::test_bare_cr_timing_probe_shape PASSED   [  9%]
tests/test_chunk_techniques.py::test_bare_cr_differential_attack_shape PASSED [ 10%]
tests/test_chunk_techniques.py::test_bare_cr_raises_candidate_on_strict_mock PASSED [ 10%]
tests/test_chunk_techniques.py::test_te_chunk_no_finding_on_robust_pair PASSED [ 11%]
tests/test_cli.py::test_scope_file_is_required PASSED                    [ 11%]
tests/test_cli.py::test_cli_produces_confirmed_finding_json PASSED       [ 12%]
tests/test_cli.py::test_cli_pipelining_target_reports_nothing PASSED     [ 12%]
tests/test_cli.py::test_cli_sarif_output PASSED                          [ 13%]
tests/test_cli.py::test_cli_h1md_output PASSED                           [ 13%]
tests/test_cli.py::test_cli_out_of_scope_target_exits_3 PASSED           [ 14%]
tests/test_engine.py::test_technique_confirmed_on_server_desync[CL.TE] PASSED [ 14%]
tests/test_engine.py::test_technique_confirmed_on_server_desync[TE.CL] PASSED [ 15%]
tests/test_engine.py::test_technique_confirmed_on_server_desync[CL.0] PASSED [ 15%]
tests/test_engine.py::test_technique_confirmed_on_server_desync[dup-CL] PASSED [ 16%]
tests/test_engine.py::test_technique_confirmed_on_server_desync[TE.TE] PASSED [ 16%]
tests/test_engine.py::test_technique_pipelining_is_discriminated_not_reported[CL.TE] PASSED [ 17%]
tests/test_engine.py::test_technique_pipelining_is_discriminated_not_reported[TE.CL] PASSED [ 17%]
tests/test_engine.py::test_technique_pipelining_is_discriminated_not_reported[CL.0] PASSED [ 18%]
tests/test_engine.py::test_technique_pipelining_is_discriminated_not_reported[dup-CL] PASSED [ 18%]
tests/test_engine.py::test_technique_pipelining_is_discriminated_not_reported[TE.TE] PASSED [ 19%]
tests/test_engine.py::test_clte_timing_raises_candidate_without_confirmation PASSED [ 19%]
tests/test_engine.py::test_tecl_timing_raises_candidate_without_confirmation PASSED [ 20%]
tests/test_engine.py::test_confirmation_upgrades_candidate_to_confirmed PASSED [ 20%]
tests/test_engine.py::test_reuse_connection_flag_surfaces_pipelining_as_info_only PASSED [ 21%]
tests/test_engine.py::test_safe_mode_confirms_and_forces_isolation PASSED [ 21%]
tests/test_engine.py::test_robust_server_yields_no_desync_findings PASSED [ 22%]
tests/test_engine.py::test_full_run_all_techniques_on_clte_target PASSED [ 22%]
tests/test_engine.py::test_safe_order_puts_clte_before_tecl PASSED       [ 23%]
tests/test_engine.py::test_out_of_scope_target_raises_before_probing PASSED [ 23%]
tests/test_engine.py::test_cl0_get_variant_confirmed_on_transparent_proxy_desync PASSED [ 24%]
tests/test_engine.py::test_cl0_get_variant_pipelining_is_discriminated PASSED [ 24%]
tests/test_engine.py::test_cl0_get_variant_in_all_techniques PASSED      [ 25%]
tests/test_engine.py::test_cl0_classic_and_get_variants_have_same_safe_order PASSED [ 25%]
tests/test_expect_probe.py::test_expect_clte_in_all_techniques PASSED    [ 26%]
tests/test_expect_probe.py::test_expect_clte_safe_order_matches_clte PASSED [ 26%]
tests/test_expect_probe.py::test_expect_clte_variant_is_expect PASSED    [ 27%]
tests/test_expect_probe.py::test_expect_clte_discrepancy_is_clte PASSED  [ 27%]
tests/test_expect_probe.py::test_expect_clte_timing_probe_contains_expect_header PASSED [ 28%]
tests/test_expect_probe.py::test_expect_clte_timing_probe_contains_te_header PASSED [ 28%]
tests/test_expect_probe.py::test_expect_clte_differential_attack_contains_expect_header PASSED [ 29%]
tests/test_expect_probe.py::test_expect_clte_differential_attack_smuggles_marker_path PASSED [ 29%]
tests/test_expect_probe.py::test_read_response_skips_100_continue_and_times_out PASSED [ 30%]
tests/test_expect_probe.py::test_read_response_skips_100_continue_and_reads_final PASSED [ 30%]
tests/test_expect_probe.py::test_read_response_skips_multiple_1xx_then_reads_final PASSED [ 31%]
tests/test_expect_probe.py::test_expect_clte_confirmed_on_expect_clte_mock PASSED [ 31%]
tests/test_expect_probe.py::test_expect_clte_candidate_when_no_differential_poison PASSED [ 32%]
tests/test_expect_probe.py::test_expect_clte_pipelining_suppressed PASSED [ 32%]
tests/test_expect_probe.py::test_expect_clte_on_expect_unaware_server_still_detects PASSED [ 33%]
tests/test_expect_probe.py::test_expect_clte_no_finding_on_robust_pair PASSED [ 33%]
tests/test_expect_probe.py::test_cli_accepts_expect_clte_technique PASSED [ 34%]
tests/test_findings.py::test_severities_match_h1_taxonomy PASSED         [ 34%]
tests/test_findings.py::test_confidences_are_lowercase_triple PASSED     [ 35%]
tests/test_findings.py::test_confirmation_states PASSED                  [ 35%]
tests/test_findings.py::test_techniques_are_the_http1_desync_family PASSED [ 36%]
tests/test_findings.py::test_finding_defaults_and_cwe_444 PASSED         [ 36%]
tests/test_findings.py::test_finding_has_exactly_the_pinned_contract_fields PASSED [ 37%]
tests/test_findings.py::test_finding_to_dict_roundtrips PASSED           [ 37%]
tests/test_findings.py::test_vector_carries_the_discrepancy PASSED       [ 38%]
tests/test_findings.py::test_to_sarif_is_a_dict_with_211_envelope PASSED [ 38%]
tests/test_findings.py::test_sarif_result_level_and_rank_mapping PASSED  [ 39%]
tests/test_findings.py::test_sarif_rule_id_and_fingerprint_and_location PASSED [ 39%]
tests/test_findings.py::test_sarif_low_and_medium_levels PASSED          [ 40%]
tests/test_findings.py::test_sarif_one_rule_per_distinct_vector PASSED   [ 40%]
tests/test_findings.py::test_to_h1md_renders_markdown PASSED             [ 41%]
tests/test_findings.py::test_h1md_candidate_gets_unconfirmed_note PASSED [ 41%]
tests/test_findings.py::test_h1md_empty_is_valid PASSED                  [ 42%]
tests/test_h2_pseudohdr.py::test_h2_pseudohdr_in_h2_techniques_tuple PASSED [ 42%]
tests/test_h2_pseudohdr.py::test_all_h2_techniques_includes_both_pseudohdr_variants PASSED [ 43%]
tests/test_h2_pseudohdr.py::test_h2_technique_by_name_returns_both_variants PASSED [ 43%]
tests/test_h2_pseudohdr.py::test_pseudohdr_techniques_have_safe_order_after_h2te PASSED [ 44%]
tests/test_h2_pseudohdr.py::test_authority_crlf_te_timing_request_injects_crlf_in_authority PASSED [ 44%]
tests/test_h2_pseudohdr.py::test_authority_crlf_te_timing_request_crlf_survives_hpack_roundtrip PASSED [ 45%]
tests/test_h2_pseudohdr.py::test_authority_crlf_te_differential_request_body_is_chunk_terminator_plus_smuggled PASSED [ 45%]
tests/test_h2_pseudohdr.py::test_authority_crlf_te_timing_body_is_incomplete_chunk PASSED [ 46%]
tests/test_h2_pseudohdr.py::test_header_val_crlf_te_timing_request_injects_crlf_in_header_value PASSED [ 46%]
tests/test_h2_pseudohdr.py::test_header_val_crlf_te_timing_request_crlf_survives_hpack_roundtrip PASSED [ 47%]
tests/test_h2_pseudohdr.py::test_header_val_crlf_te_differential_body_is_chunk_terminator_plus_smuggled PASSED [ 47%]
tests/test_h2_pseudohdr.py::test_authority_variant_wire_bytes_carry_injection PASSED [ 48%]
tests/test_h2_pseudohdr.py::test_header_val_variant_wire_bytes_carry_injection PASSED [ 48%]
tests/test_h2_pseudohdr.py::test_pseudohdr_confirmed_on_server_desync[authority-crlf-te] PASSED [ 49%]
tests/test_h2_pseudohdr.py::test_pseudohdr_confirmed_on_server_desync[header-val-crlf-te] PASSED [ 49%]
tests/test_h2_pseudohdr.py::test_pseudohdr_authority_pipelining_is_discriminated PASSED [ 50%]
tests/test_h2_pseudohdr.py::test_pseudohdr_header_val_pipelining_is_discriminated PASSED [ 50%]
tests/test_h2_pseudohdr.py::test_pseudohdr_authority_reproduction_carries_crlf_injection PASSED [ 51%]
tests/test_h2_pseudohdr.py::test_cli_h2pseudohdr_is_a_valid_technique_choice PASSED [ 51%]
tests/test_h2_pseudohdr.py::test_cli_h2pseudohdr_confirmed_finding_json PASSED [ 52%]
tests/test_h2c.py::test_h2c_confirmed_on_upgrade_and_handshake PASSED    [ 52%]
tests/test_h2c.py::test_h2c_candidate_on_101_without_h2_handshake PASSED [ 53%]
tests/test_h2c.py::test_h2c_no_finding_on_200_rejection PASSED           [ 53%]
tests/test_h2c.py::test_h2c_scope_enforced_before_socket PASSED          [ 54%]
tests/test_h2c.py::test_h2c_no_scope_is_fail_closed PASSED               [ 54%]
tests/test_h2c.py::test_h2c_finding_id_is_stable PASSED                  [ 55%]
tests/test_h2c.py::test_h2c_techniques_tuple PASSED                      [ 55%]
tests/test_h2c.py::test_h2c_upgrade_request_bytes PASSED                 [ 56%]
tests/test_h2c.py::test_h2c_suppressed_is_always_empty PASSED            [ 56%]
tests/test_h2c.py::test_cli_h2c_technique_is_valid_choice PASSED         [ 57%]
tests/test_h2c.py::test_cli_h2c_no_upgrade_exits_0 PASSED                [ 57%]
tests/test_h2engine.py::test_h2_technique_confirmed_on_server_desync[H2.CL] PASSED [ 58%]
tests/test_h2engine.py::test_h2_technique_confirmed_on_server_desync[H2.TE] PASSED [ 58%]
tests/test_h2engine.py::test_h2cl_reproduction_carries_the_lying_content_length PASSED [ 59%]
tests/test_h2engine.py::test_h2te_reproduction_carries_the_injected_transfer_encoding PASSED [ 59%]
tests/test_h2engine.py::test_h2_pipelining_is_discriminated_not_reported[H2.CL] PASSED [ 60%]
tests/test_h2engine.py::test_h2_pipelining_is_discriminated_not_reported[H2.TE] PASSED [ 60%]
tests/test_h2engine.py::test_h2cl_timing_raises_candidate_without_confirmation PASSED [ 61%]
tests/test_h2engine.py::test_h2_confirmation_upgrades_candidate_to_confirmed PASSED [ 61%]
tests/test_h2engine.py::test_h2_reuse_connection_flag_surfaces_pipelining_as_info_only PASSED [ 62%]
tests/test_h2engine.py::test_h2_safe_mode_confirms_and_forces_isolation PASSED [ 62%]
tests/test_h2engine.py::test_h2_robust_front_end_yields_no_findings[H2.CL] PASSED [ 63%]
tests/test_h2engine.py::test_h2_robust_front_end_yields_no_findings[H2.TE] PASSED [ 63%]
tests/test_h2engine.py::test_h2_safe_order_puts_h2cl_before_h2te PASSED  [ 64%]
tests/test_h2engine.py::test_h2_out_of_scope_target_raises_before_probing PASSED [ 64%]
tests/test_h2engine.py::test_cli_h2cl_produces_confirmed_finding_json PASSED [ 65%]
tests/test_h2engine.py::test_cli_h2te_is_a_valid_technique_choice PASSED [ 65%]
tests/test_h2send.py::test_encode_integer_fits_in_prefix PASSED          [ 66%]
tests/test_h2send.py::test_encode_integer_multibyte_rfc_example PASSED   [ 66%]
tests/test_h2send.py::test_literal_header_is_exact_non_huffman_bytes PASSED [ 67%]
tests/test_h2send.py::test_header_block_carries_prohibited_headers_verbatim_and_decodes PASSED [ 67%]
tests/test_h2send.py::test_build_frame_header_layout PASSED              [ 68%]
tests/test_h2send.py::test_settings_and_ack_frames PASSED                [ 68%]
tests/test_h2send.py::test_headers_frame_flag_semantics PASSED           [ 69%]
tests/test_h2send.py::test_data_frame_end_stream_flag PASSED             [ 69%]
tests/test_h2send.py::test_serialize_request_with_body_splits_headers_then_data PASSED [ 70%]
tests/test_h2send.py::test_serialize_bodyless_get_sets_end_stream_on_headers PASSED [ 70%]
tests/test_h2send.py::test_h2request_render_is_readable_text PASSED      [ 71%]
tests/test_h2send.py::test_out_of_scope_host_raises_before_any_socket PASSED [ 71%]
tests/test_h2send.py::test_no_scope_is_fail_closed PASSED                [ 72%]
tests/test_h2send.py::test_connect_also_scope_checked PASSED             [ 72%]
tests/test_rawsend.py::test_out_of_scope_host_raises_before_any_socket PASSED [ 73%]
tests/test_rawsend.py::test_no_scope_is_fail_closed PASSED               [ 73%]
tests/test_rawsend.py::test_connect_also_scope_checked PASSED            [ 74%]
tests/test_rawsend.py::test_probe_is_sent_byte_for_byte PASSED           [ 74%]
tests/test_rawsend.py::test_hang_produces_timed_out PASSED               [ 75%]
tests/test_rawsend.py::test_wellformed_request_returns_fast PASSED       [ 75%]
tests/test_rawsend.py::test_connection_reuse_sends_two_on_one_socket PASSED [ 76%]
tests/test_rawsend.py::test_isolated_send_opens_a_fresh_connection_each_time PASSED [ 76%]
tests/test_retries.py::test_retries_default_is_zero PASSED               [ 77%]
tests/test_retries.py::test_retries_stored_correctly PASSED              [ 77%]
tests/test_retries.py::test_retries_negative_clamped_to_zero PASSED      [ 78%]
tests/test_retries.py::test_stable_hang_candidate_survives_one_retry PASSED [ 78%]
tests/test_retries.py::test_stable_hang_candidate_survives_two_retries PASSED [ 79%]
tests/test_retries.py::test_stable_hang_confirmed_desync_survives_retries PASSED [ 79%]
tests/test_retries.py::test_transient_timeout_cleared_by_one_retry PASSED [ 80%]
tests/test_retries.py::test_transient_timeout_retries_zero_still_raises_candidate PASSED [ 80%]
tests/test_retries.py::test_first_retry_clears_signal_even_with_retries_two PASSED [ 81%]
tests/test_retries.py::test_two_timeouts_then_success_clears_with_retries_two PASSED [ 81%]
tests/test_retries.py::test_cli_retries_flag_accepted_and_wired PASSED   [ 82%]
tests/test_retries.py::test_cli_retries_zero_is_default_behaviour PASSED [ 82%]
tests/test_summary.py::test_json_summary_present PASSED                  [ 83%]
tests/test_summary.py::test_json_summary_required_keys PASSED            [ 83%]
tests/test_summary.py::test_json_summary_targets_scanned_single PASSED   [ 84%]
tests/test_summary.py::test_json_summary_targets_scanned_multi PASSED    [ 84%]
tests/test_summary.py::test_json_summary_targets_errored_counts_oos PASSED [ 85%]
tests/test_summary.py::test_json_summary_elapsed_ms_non_negative PASSED  [ 85%]
tests/test_summary.py::test_json_summary_finding_count_mirrors_toplevel PASSED [ 86%]
tests/test_summary.py::test_json_summary_suppressed_count PASSED         [ 86%]
tests/test_summary.py::test_json_summary_findings_by_severity_present_when_findings PASSED [ 87%]
tests/test_summary.py::test_json_summary_findings_by_severity_absent_when_clean PASSED [ 87%]
tests/test_summary.py::test_sarif_run_properties_include_summary PASSED  [ 88%]
tests/test_summary.py::test_sarif_summary_finding_count_consistent PASSED [ 88%]
tests/test_summary.py::test_h1md_includes_scan_summary_section PASSED    [ 89%]
tests/test_summary.py::test_h1md_summary_contains_targets_scanned PASSED [ 89%]
tests/test_summary.py::test_h1md_still_starts_with_title PASSED          [ 90%]
tests/test_summary.py::test_h1md_summary_elapsed_ms_present PASSED       [ 90%]
tests/test_target_file.py::test_load_target_file_basic PASSED            [ 91%]
tests/test_target_file.py::test_load_target_file_skips_comments PASSED   [ 91%]
tests/test_target_file.py::test_load_target_file_skips_blank_lines PASSED [ 92%]
tests/test_target_file.py::test_load_target_file_strips_trailing_whitespace PASSED [ 92%]
tests/test_target_file.py::test_load_target_file_empty_result_for_all_comments PASSED [ 93%]
tests/test_target_file.py::test_load_target_file_raises_oserror_on_missing_file PASSED [ 93%]
tests/test_target_file.py::test_parser_accepts_target_file PASSED        [ 94%]
tests/test_target_file.py::test_main_rejects_target_and_target_file_together PASSED [ 94%]
tests/test_target_file.py::test_main_requires_target_or_target_file PASSED [ 95%]
tests/test_target_file.py::test_main_exits_3_for_missing_target_file PASSED [ 95%]
tests/test_target_file.py::test_main_exits_3_for_empty_target_file PASSED [ 96%]
tests/test_target_file.py::test_single_target_via_target_file_confirmed_desync PASSED [ 96%]
tests/test_target_file.py::test_single_target_via_target_file_clean PASSED [ 97%]
tests/test_target_file.py::test_multi_target_findings_aggregated PASSED  [ 97%]
tests/test_target_file.py::test_multi_target_all_clean_exits_0 PASSED    [ 98%]
tests/test_target_file.py::test_multi_target_out_of_scope_skipped_in_scope_scanned PASSED [ 98%]
tests/test_target_file.py::test_multi_target_suppressed_pipelining_aggregated PASSED [ 99%]
tests/test_target_file.py::test_target_file_sarif_output PASSED          [ 99%]
tests/test_target_file.py::test_version_flag_still_works PASSED          [100%]

====================== 201 passed, 8 deselected in 47.20s ======================
